2018-12-24 18:40:43,696 INFO o.a.j.u.JMeterUtils: Setting Locale to en_EN
2018-12-24 18:40:43,710 INFO o.a.j.JMeter: Loading user properties from: D:\apache-jmeter-5.0\apache-jmeter-5.0\bin\user.properties
2018-12-24 18:40:43,711 INFO o.a.j.JMeter: Loading system properties from: D:\apache-jmeter-5.0\apache-jmeter-5.0\bin\system.properties
2018-12-24 18:40:43,715 INFO o.a.j.JMeter: Copyright (c) 1998-2018 The Apache Software Foundation
2018-12-24 18:40:43,715 INFO o.a.j.JMeter: Version 5.0 r1840935
2018-12-24 18:40:43,715 INFO o.a.j.JMeter: java.version=1.8.0_191
2018-12-24 18:40:43,715 INFO o.a.j.JMeter: java.vm.name=Java HotSpot(TM) 64-Bit Server VM
2018-12-24 18:40:43,715 INFO o.a.j.JMeter: os.name=Windows 10
2018-12-24 18:40:43,717 INFO o.a.j.JMeter: os.arch=amd64
2018-12-24 18:40:43,717 INFO o.a.j.JMeter: os.version=10.0
2018-12-24 18:40:43,717 INFO o.a.j.JMeter: file.encoding=Cp1252
2018-12-24 18:40:43,717 INFO o.a.j.JMeter: Max memory     =1073741824
2018-12-24 18:40:43,717 INFO o.a.j.JMeter: Available Processors =4
2018-12-24 18:40:43,720 INFO o.a.j.JMeter: Default Locale=English (EN)
2018-12-24 18:40:43,721 INFO o.a.j.JMeter: JMeter  Locale=English (EN)
2018-12-24 18:40:43,721 INFO o.a.j.JMeter: JMeterHome=D:\apache-jmeter-5.0\apache-jmeter-5.0
2018-12-24 18:40:43,721 INFO o.a.j.JMeter: user.dir  =D:\Eclipse_Workspace\DataConnect
2018-12-24 18:40:43,721 INFO o.a.j.JMeter: PWD       =D:\Eclipse_Workspace\DataConnect
2018-12-24 18:40:43,723 INFO o.a.j.JMeter: IP: 10.5.248.121 Name: SHAILENDRARPC FullName: SHAILENDRARPC.INDECOMM.LOCAL
2018-12-24 18:40:44,574 INFO o.a.j.g.a.LookAndFeelCommand: Installing Darcula LAF
2018-12-24 18:40:44,589 INFO o.a.j.g.a.LookAndFeelCommand: Using look and feel: com.sun.java.swing.plaf.windows.WindowsClassicLookAndFeel [Darcula]
2018-12-24 18:40:44,589 INFO o.a.j.JMeter: Setting LAF to: com.sun.java.swing.plaf.windows.WindowsClassicLookAndFeel
2018-12-24 18:40:44,607 INFO o.a.j.JMeter: Loaded icon properties from org/apache/jmeter/images/icon.properties
2018-12-24 18:40:45,070 INFO o.a.j.e.u.CompoundVariable: Note: Function class names must contain the string: '.functions.'
2018-12-24 18:40:45,070 INFO o.a.j.e.u.CompoundVariable: Note: Function class names must not contain the string: '.gui.'
2018-12-24 18:40:46,504 INFO o.a.j.p.h.s.HTTPSamplerBase: Parser for text/html is org.apache.jmeter.protocol.http.parser.LagartoBasedHtmlParser
2018-12-24 18:40:46,505 INFO o.a.j.p.h.s.HTTPSamplerBase: Parser for application/xhtml+xml is org.apache.jmeter.protocol.http.parser.LagartoBasedHtmlParser
2018-12-24 18:40:46,505 INFO o.a.j.p.h.s.HTTPSamplerBase: Parser for application/xml is org.apache.jmeter.protocol.http.parser.LagartoBasedHtmlParser
2018-12-24 18:40:46,505 INFO o.a.j.p.h.s.HTTPSamplerBase: Parser for text/xml is org.apache.jmeter.protocol.http.parser.LagartoBasedHtmlParser
2018-12-24 18:40:46,505 INFO o.a.j.p.h.s.HTTPSamplerBase: Parser for text/vnd.wap.wml is org.apache.jmeter.protocol.http.parser.RegexpHTMLParser
2018-12-24 18:40:46,505 INFO o.a.j.p.h.s.HTTPSamplerBase: Parser for text/css is org.apache.jmeter.protocol.http.parser.CssParser
2018-12-24 18:40:47,232 INFO o.a.j.e.KeyToolUtils: keytool found at 'keytool'
2018-12-24 18:40:47,233 INFO o.a.j.p.h.p.ProxyControl: HTTP(S) Test Script Recorder SSL Proxy will use keys that support embedded 3rd party resources in file D:\apache-jmeter-5.0\apache-jmeter-5.0\bin\proxyserver.jks
2018-12-24 18:40:47,369 INFO o.a.j.s.FileServer: Default base='D:\Eclipse_Workspace\DataConnect'
2018-12-24 18:40:48,200 INFO o.a.j.s.SampleResult: Note: Sample TimeStamps are START times
2018-12-24 18:40:48,201 INFO o.a.j.s.SampleResult: sampleresult.default.encoding is set to ISO-8859-1
2018-12-24 18:40:48,201 INFO o.a.j.s.SampleResult: sampleresult.useNanoTime=true
2018-12-24 18:40:48,201 INFO o.a.j.s.SampleResult: sampleresult.nanoThreadSleep=5000
