2018-12-24 22:37:18,940 INFO o.a.j.u.JMeterUtils: Setting Locale to en_US
2018-12-24 22:37:18,953 INFO o.a.j.JMeter: Loading system properties from: system.properties
2018-12-24 22:37:18,957 INFO o.a.j.JMeter: Copyright (c) 1998-2018 The Apache Software Foundation
2018-12-24 22:37:18,957 INFO o.a.j.JMeter: Version 5.0 r1840935
2018-12-24 22:37:18,957 INFO o.a.j.JMeter: java.version=1.8.0_191
2018-12-24 22:37:18,957 INFO o.a.j.JMeter: java.vm.name=Java HotSpot(TM) 64-Bit Server VM
2018-12-24 22:37:18,957 INFO o.a.j.JMeter: os.name=Windows 10
2018-12-24 22:37:18,957 INFO o.a.j.JMeter: os.arch=amd64
2018-12-24 22:37:18,957 INFO o.a.j.JMeter: os.version=10.0
2018-12-24 22:37:18,957 INFO o.a.j.JMeter: file.encoding=Cp1252
2018-12-24 22:37:18,958 INFO o.a.j.JMeter: Max memory     =514850816
2018-12-24 22:37:18,958 INFO o.a.j.JMeter: Available Processors =4
2018-12-24 22:37:18,960 INFO o.a.j.JMeter: Default Locale=English (United States)
2018-12-24 22:37:18,960 INFO o.a.j.JMeter: JMeter  Locale=English (United States)
2018-12-24 22:37:18,961 INFO o.a.j.JMeter: JMeterHome=D:\Eclipse_Workspace\DataConnect\target\jmeter
2018-12-24 22:37:18,961 INFO o.a.j.JMeter: user.dir  =D:\Eclipse_Workspace\DataConnect\target\jmeter\bin
2018-12-24 22:37:18,961 INFO o.a.j.JMeter: PWD       =D:\Eclipse_Workspace\DataConnect\target\jmeter\bin
2018-12-24 22:37:18,963 INFO o.a.j.JMeter: IP: 192.168.43.9 Name: SHAILENDRARPC FullName: SHAILENDRARPC.INDECOMM.LOCAL
2018-12-24 22:37:18,964 INFO o.a.j.JMeter: Setting property 'jmeter.reportgenerator.outputdir' to:'D:\Eclipse_Workspace\DataConnect\target\jmeter\reports\JMeter-Maven_Integration_20181224_223717'
2018-12-24 22:37:18,966 INFO o.a.j.s.FileServer: Default base='D:\Eclipse_Workspace\DataConnect\target\jmeter\bin'
2018-12-24 22:37:18,970 INFO o.a.j.s.FileServer: Set new base='D:\Eclipse_Workspace\DataConnect\target\jmeter\testFiles'
2018-12-24 22:37:19,088 INFO o.a.j.s.SaveService: Testplan (JMX) version: 2.2. Testlog (JTL) version: 2.2
2018-12-24 22:37:19,103 INFO o.a.j.s.SaveService: Using SaveService properties file encoding UTF-8
2018-12-24 22:37:19,106 INFO o.a.j.s.SaveService: Using SaveService properties version 5.0
2018-12-24 22:37:19,111 INFO o.a.j.s.SaveService: Loading file: D:\Eclipse_Workspace\DataConnect\target\jmeter\testFiles\JMeter-Maven_Integration.jmx
2018-12-24 22:37:19,172 INFO o.a.j.JMeter: Creating summariser <summary>
2018-12-24 22:37:19,176 INFO o.a.j.r.d.ReportGenerator: ReportGenerator will use for Parsing the separator: ','
2018-12-24 22:37:19,176 INFO o.a.j.r.d.ReportGenerator: Will generate report at end of test from  results file: D:\Eclipse_Workspace\DataConnect\target\jmeter\results\20181224-JMeter-Maven_Integration.csv
2018-12-24 22:37:19,176 INFO o.a.j.r.d.ReportGenerator: Reading report generator properties from: D:\Eclipse_Workspace\DataConnect\target\jmeter\bin\reportgenerator.properties
2018-12-24 22:37:19,177 INFO o.a.j.r.d.ReportGenerator: Merging with JMeter properties
2018-12-24 22:37:19,181 INFO o.a.j.r.c.ReportGeneratorConfiguration: Property 'jmeter.reportgenerator.temp_dir' not found, using default value 'temp' instead.
2018-12-24 22:37:19,183 INFO o.a.j.r.c.ReportGeneratorConfiguration: Property 'jmeter.reportgenerator.apdex_per_transaction' not found, using default value 'null' instead.
2018-12-24 22:37:19,186 INFO o.a.j.r.c.ReportGeneratorConfiguration: apdex_per_transaction : {} is empty, not APDEX per transaction customization
2018-12-24 22:37:19,186 INFO o.a.j.r.c.ReportGeneratorConfiguration: Property 'jmeter.reportgenerator.sample_filter' not found, using default value 'null' instead.
2018-12-24 22:37:19,186 INFO o.a.j.r.c.ReportGeneratorConfiguration: Property 'jmeter.reportgenerator.report_title' not found, using default value 'null' instead.
2018-12-24 22:37:19,186 INFO o.a.j.r.c.ReportGeneratorConfiguration: Property 'jmeter.reportgenerator.start_date' not found, using default value 'null' instead.
2018-12-24 22:37:19,186 INFO o.a.j.r.c.ReportGeneratorConfiguration: Property 'jmeter.reportgenerator.end_date' not found, using default value 'null' instead.
2018-12-24 22:37:19,186 INFO o.a.j.r.c.ReportGeneratorConfiguration: Property 'jmeter.reportgenerator.date_format' not found, using default value 'null' instead.
2018-12-24 22:37:19,187 INFO o.a.j.r.c.ReportGeneratorConfiguration: Will use date range start date: null, end date: null
2018-12-24 22:37:19,191 INFO o.a.j.r.c.ReportGeneratorConfiguration: Property 'jmeter.reportgenerator.graph.totalTPS.exclude_controllers' not found, using default value 'false' instead.
2018-12-24 22:37:19,191 INFO o.a.j.r.c.ReportGeneratorConfiguration: Property 'jmeter.reportgenerator.graph.activeThreadsOverTime.exclude_controllers' not found, using default value 'false' instead.
2018-12-24 22:37:19,191 INFO o.a.j.r.c.ReportGeneratorConfiguration: Property 'jmeter.reportgenerator.graph.timeVsThreads.exclude_controllers' not found, using default value 'false' instead.
2018-12-24 22:37:19,191 INFO o.a.j.r.c.ReportGeneratorConfiguration: Property 'jmeter.reportgenerator.graph.responseTimeDistribution.exclude_controllers' not found, using default value 'false' instead.
2018-12-24 22:37:19,191 INFO o.a.j.r.c.ReportGeneratorConfiguration: Property 'jmeter.reportgenerator.graph.transactionsPerSecond.exclude_controllers' not found, using default value 'false' instead.
2018-12-24 22:37:19,191 INFO o.a.j.r.c.ReportGeneratorConfiguration: Property 'jmeter.reportgenerator.graph.responseTimePercentiles.exclude_controllers' not found, using default value 'false' instead.
2018-12-24 22:37:19,191 INFO o.a.j.r.c.ReportGeneratorConfiguration: Property 'jmeter.reportgenerator.graph.responseTimePercentilesOverTime.exclude_controllers' not found, using default value 'false' instead.
2018-12-24 22:37:19,191 INFO o.a.j.r.c.ReportGeneratorConfiguration: Property 'jmeter.reportgenerator.graph.responseTimesOverTime.exclude_controllers' not found, using default value 'false' instead.
2018-12-24 22:37:19,191 INFO o.a.j.r.c.ReportGeneratorConfiguration: Property 'jmeter.reportgenerator.graph.connectTimeOverTime.exclude_controllers' not found, using default value 'false' instead.
2018-12-24 22:37:19,191 INFO o.a.j.r.c.ReportGeneratorConfiguration: Property 'jmeter.reportgenerator.graph.latenciesOverTime.exclude_controllers' not found, using default value 'false' instead.
2018-12-24 22:37:19,192 INFO o.a.j.r.c.ReportGeneratorConfiguration: Property 'jmeter.reportgenerator.exporter.html.filters_only_sample_series' not found, using default value 'true' instead.
2018-12-24 22:37:19,192 INFO o.a.j.r.c.ReportGeneratorConfiguration: Property 'jmeter.reportgenerator.exporter.html.series_filter' not found, using default value '' instead.
2018-12-24 22:37:19,192 INFO o.a.j.r.c.ReportGeneratorConfiguration: Property 'jmeter.reportgenerator.exporter.html.show_controllers_only' not found, using default value 'false' instead.
2018-12-24 22:37:19,197 INFO o.a.j.e.StandardJMeterEngine: Running the test!
2018-12-24 22:37:19,198 INFO o.a.j.s.SampleEvent: List of sample_variables: []
2018-12-24 22:37:19,198 INFO o.a.j.s.SampleEvent: List of sample_variables: []
2018-12-24 22:37:19,220 INFO o.a.j.e.u.CompoundVariable: Note: Function class names must contain the string: '.functions.'
2018-12-24 22:37:19,220 INFO o.a.j.e.u.CompoundVariable: Note: Function class names must not contain the string: '.gui.'
2018-12-24 22:37:19,559 INFO o.a.j.JMeter: Running test (1545671239559)
2018-12-24 22:37:19,618 INFO o.a.j.e.StandardJMeterEngine: Starting ThreadGroup: 1 : runDJEngine
2018-12-24 22:37:19,618 INFO o.a.j.e.StandardJMeterEngine: Starting 1 threads for group runDJEngine.
2018-12-24 22:37:19,618 INFO o.a.j.e.StandardJMeterEngine: Thread will continue on error
2018-12-24 22:37:19,618 INFO o.a.j.t.ThreadGroup: Starting thread group... number=1 threads=1 ramp-up=20 perThread=20000.0 delayedStart=false
2018-12-24 22:37:19,624 INFO o.a.j.t.ThreadGroup: Started thread group number 1
2018-12-24 22:37:19,624 INFO o.a.j.e.StandardJMeterEngine: All thread groups have been started
2018-12-24 22:37:19,669 INFO o.a.j.t.JMeterThread: Thread started: runDJEngine 1-1
2018-12-24 22:37:19,670 INFO o.a.j.s.FileServer: Stored: C:/Temp/BangloreTraining/JMeterVariables.txt
2018-12-24 22:37:19,673 INFO o.a.j.s.SampleResult: Note: Sample TimeStamps are START times
2018-12-24 22:37:19,673 INFO o.a.j.s.SampleResult: sampleresult.default.encoding is set to ISO-8859-1
2018-12-24 22:37:19,673 INFO o.a.j.s.SampleResult: sampleresult.useNanoTime=true
2018-12-24 22:37:19,673 INFO o.a.j.s.SampleResult: sampleresult.nanoThreadSleep=5000
2018-12-24 22:37:22,752 INFO o.a.j.t.JMeterThread: Thread is done: runDJEngine 1-1
2018-12-24 22:37:22,752 INFO o.a.j.t.JMeterThread: Thread finished: runDJEngine 1-1
2018-12-24 22:37:22,752 INFO o.a.j.e.StandardJMeterEngine: Notifying test listeners of end of test
2018-12-24 22:37:22,752 INFO o.a.j.s.FileServer: Close: C:/Temp/BangloreTraining/JMeterVariables.txt
2018-12-24 22:37:22,762 INFO o.a.j.r.Summariser: summary =      1 in 00:00:03 =    0.3/s Avg:  3065 Min:  3065 Max:  3065 Err:     1 (100.00%)
2018-12-24 22:37:22,762 INFO o.a.j.JMeter: Generating Dashboard
2018-12-24 22:37:22,762 INFO o.a.j.r.d.ReportGenerator: Flushing result collector before report Generation
2018-12-24 22:37:22,771 INFO o.a.j.r.p.NormalizerSampleConsumer: Using format, 'ms', to parse timeStamp field
2018-12-24 22:37:22,920 INFO o.a.j.r.p.AbstractSampleConsumer: class org.apache.jmeter.report.processor.AggregateConsumer#stopProducing(): beginDate produced 0 samples
2018-12-24 22:37:22,920 INFO o.a.j.r.p.AbstractSampleConsumer: class org.apache.jmeter.report.processor.AggregateConsumer#stopProducing(): endDate produced 0 samples
2018-12-24 22:37:22,922 INFO o.a.j.r.p.AbstractSampleConsumer: class org.apache.jmeter.report.processor.ApdexSummaryConsumer#stopProducing(): apdexSummary produced 0 samples
2018-12-24 22:37:22,922 INFO o.a.j.r.p.AbstractSampleConsumer: class org.apache.jmeter.report.processor.RequestsSummaryConsumer#stopProducing(): requestsSummary produced 0 samples
2018-12-24 22:37:22,927 INFO o.a.j.r.p.AbstractSampleConsumer: class org.apache.jmeter.report.processor.StatisticsSummaryConsumer#stopProducing(): statisticsSummary produced 0 samples
2018-12-24 22:37:22,930 INFO o.a.j.r.p.AbstractSampleConsumer: class org.apache.jmeter.report.processor.Top5ErrorsBySamplerConsumer#stopProducing(): top5ErrorsBySampler produced 0 samples
2018-12-24 22:37:22,930 INFO o.a.j.r.p.AbstractSampleConsumer: class org.apache.jmeter.report.processor.ErrorsSummaryConsumer#stopProducing(): errorsSummary produced 0 samples
2018-12-24 22:37:22,930 INFO o.a.j.r.p.AbstractSampleConsumer: class org.apache.jmeter.report.processor.graph.impl.HitsPerSecondGraphConsumer#stopProducing(): hitsPerSecond produced 0 samples
2018-12-24 22:37:22,944 INFO o.a.j.r.p.AbstractSampleConsumer: class org.apache.jmeter.report.processor.graph.impl.LatencyVSRequestGraphConsumer#stopProducing(): latencyVsRequest produced 0 samples
2018-12-24 22:37:22,944 INFO o.a.j.r.p.AbstractSampleConsumer: class org.apache.jmeter.report.processor.graph.impl.SyntheticResponseTimeDistributionGraphConsumer#stopProducing(): syntheticResponseTimeDistribution produced 0 samples
2018-12-24 22:37:22,944 INFO o.a.j.r.p.AbstractSampleConsumer: class org.apache.jmeter.report.processor.graph.impl.BytesThroughputGraphConsumer#stopProducing(): bytesThroughputOverTime produced 0 samples
2018-12-24 22:37:22,944 INFO o.a.j.r.p.AbstractSampleConsumer: class org.apache.jmeter.report.processor.graph.impl.CodesPerSecondGraphConsumer#stopProducing(): codesPerSecond produced 0 samples
2018-12-24 22:37:22,953 INFO o.a.j.r.p.AbstractSampleConsumer: class org.apache.jmeter.report.processor.graph.impl.ResponseTimeVSRequestGraphConsumer#stopProducing(): responseTimeVsRequest produced 0 samples
2018-12-24 22:37:22,953 INFO o.a.j.r.p.AbstractSampleConsumer: class org.apache.jmeter.report.processor.FilterConsumer#stopProducing(): startIntervalControlerFilter produced 7 samples
2018-12-24 22:37:22,953 INFO o.a.j.r.p.AbstractSampleConsumer: class org.apache.jmeter.report.processor.graph.impl.TotalTPSGraphConsumer#stopProducing(): totalTPS produced 0 samples
2018-12-24 22:37:22,953 INFO o.a.j.r.p.AbstractSampleConsumer: class org.apache.jmeter.report.processor.graph.impl.ActiveThreadsGraphConsumer#stopProducing(): activeThreadsOverTime produced 0 samples
2018-12-24 22:37:22,953 INFO o.a.j.r.p.AbstractSampleConsumer: class org.apache.jmeter.report.processor.graph.impl.TimeVSThreadGraphConsumer#stopProducing(): timeVsThreads produced 0 samples
2018-12-24 22:37:22,953 INFO o.a.j.r.p.AbstractSampleConsumer: class org.apache.jmeter.report.processor.graph.impl.ResponseTimeDistributionGraphConsumer#stopProducing(): responseTimeDistribution produced 0 samples
2018-12-24 22:37:22,953 INFO o.a.j.r.p.AbstractSampleConsumer: class org.apache.jmeter.report.processor.graph.impl.TransactionsPerSecondGraphConsumer#stopProducing(): transactionsPerSecond produced 0 samples
2018-12-24 22:37:22,953 INFO o.a.j.r.p.AbstractSampleConsumer: class org.apache.jmeter.report.processor.graph.impl.ResponseTimePercentilesGraphConsumer#stopProducing(): responseTimePercentiles produced 0 samples
2018-12-24 22:37:22,954 INFO o.a.j.r.p.AbstractSampleConsumer: class org.apache.jmeter.report.processor.graph.impl.ResponseTimePercentilesOverTimeGraphConsumer#stopProducing(): responseTimePercentilesOverTime produced 0 samples
2018-12-24 22:37:22,954 INFO o.a.j.r.p.AbstractSampleConsumer: class org.apache.jmeter.report.processor.graph.impl.ResponseTimeOverTimeGraphConsumer#stopProducing(): responseTimesOverTime produced 0 samples
2018-12-24 22:37:22,954 INFO o.a.j.r.p.AbstractSampleConsumer: class org.apache.jmeter.report.processor.graph.impl.ConnectTimeOverTimeGraphConsumer#stopProducing(): connectTimeOverTime produced 0 samples
2018-12-24 22:37:22,954 INFO o.a.j.r.p.AbstractSampleConsumer: class org.apache.jmeter.report.processor.graph.impl.LatencyOverTimeGraphConsumer#stopProducing(): latenciesOverTime produced 0 samples
2018-12-24 22:37:22,954 INFO o.a.j.r.p.AbstractSampleConsumer: class org.apache.jmeter.report.processor.FilterConsumer#stopProducing(): nameFilter produced 15 samples
2018-12-24 22:37:22,954 INFO o.a.j.r.p.AbstractSampleConsumer: class org.apache.jmeter.report.processor.FilterConsumer#stopProducing(): dateRangeFilter produced 3 samples
2018-12-24 22:37:22,954 INFO o.a.j.r.p.AbstractSampleConsumer: class org.apache.jmeter.report.processor.NormalizerSampleConsumer#stopProducing(): normalizer produced 1 samples
2018-12-24 22:37:22,955 INFO o.a.j.r.p.CsvFileSampleSource: produce(): 1 samples produced in 163ms on channel 0
2018-12-24 22:37:22,955 INFO o.a.j.r.d.ReportGenerator: Exporting data using exporter:'html' of className:'org.apache.jmeter.report.dashboard.HtmlTemplateExporter'
2018-12-24 22:37:22,957 INFO o.a.j.r.d.HtmlTemplateExporter: Will generate dashboard in folder: D:\Eclipse_Workspace\DataConnect\target\jmeter\reports\JMeter-Maven_Integration_20181224_223717
2018-12-24 22:37:23,049 INFO o.a.j.r.d.HtmlTemplateExporter: Report will be generated in: D:\Eclipse_Workspace\DataConnect\target\jmeter\reports\JMeter-Maven_Integration_20181224_223717, creating folder structure
2018-12-24 22:37:24,596 INFO o.a.j.JMeter: Dashboard generated
